<?xml version="1.0" encoding="UTF-8"?>
<!-- Generated by org.testng.reporters.JUnitXMLReporter -->
<testsuite ignored="0" hostname="Irinas-MacBook-Pro.local" failures="0" tests="4" name="Command line test" time="53.884" errors="0" timestamp="2020-02-24T23:56:21 GMT">
  <testcase classname="com.ponezha.guru99.login.LoginTest" name="correctCredentials" time="7.547"/>
  <testcase classname="com.ponezha.guru99.login.LoginTest" name="incorrectCredentials" time="6.81"/>
  <testcase classname="com.ponezha.guru99.login.LoginTest" name="incorrectPassword" time="6.376"/>
  <testcase classname="com.ponezha.guru99.login.LoginTest" name="incorrectUsername" time="6.261"/>
</testsuite> <!-- Command line test -->
