<?xml version="1.0" encoding="UTF-8"?>
<!-- Generated by org.testng.reporters.JUnitXMLReporter -->
<testsuite ignored="3" hostname="Irinas-MacBook-Pro.local" failures="0" tests="1" name="Default test" time="10.82" errors="0" timestamp="2020-02-26T13:01:03 GMT">
  <testcase classname="com.ponezha.guru99.login.LoginTest" name="correctCredentials" time="3.048"/>
  <testcase classname="com.ponezha.guru99.login.LoginTest" name="incorrectCredentials" time="0.0">
    <ignored/>
  </testcase> <!-- incorrectCredentials -->
  <testcase classname="com.ponezha.guru99.login.LoginTest" name="incorrectPassword" time="0.0">
    <ignored/>
  </testcase> <!-- incorrectPassword -->
  <testcase classname="com.ponezha.guru99.login.LoginTest" name="incorrectUsername" time="0.0">
    <ignored/>
  </testcase> <!-- incorrectUsername -->
</testsuite> <!-- Default test -->
