<?xml version="1.0" encoding="UTF-8"?>
<!-- Generated by org.testng.reporters.JUnitXMLReporter -->
<testsuite ignored="0" hostname="Irinas-MacBook-Pro.local" failures="0" tests="4" name="Default test" time="33.292" errors="0" timestamp="2020-02-24T23:27:52 GMT">
  <testcase classname="com.ponezha.guru99.login.LoginTest" name="correctCredentials" time="2.668"/>
  <testcase classname="com.ponezha.guru99.login.LoginTest" name="incorrectCredentials" time="1.83"/>
  <testcase classname="com.ponezha.guru99.login.LoginTest" name="incorrectPassword" time="1.323"/>
  <testcase classname="com.ponezha.guru99.login.LoginTest" name="incorrectUsername" time="1.488"/>
</testsuite> <!-- Default test -->
