<?xml version="1.0" encoding="UTF-8"?>
<!-- Generated by org.testng.reporters.JUnitXMLReporter -->
<testsuite ignored="0" hostname="Irinas-MacBook-Pro.local" failures="0" tests="4" name="Test" time="49.782" errors="0" timestamp="2020-02-25T11:29:22 GMT">
  <testcase classname="com.ponezha.guru99.login.LoginTest" name="correctCredentials" time="7.491"/>
  <testcase classname="com.ponezha.guru99.login.LoginTest" name="incorrectCredentials" time="3.135"/>
  <testcase classname="com.ponezha.guru99.login.LoginTest" name="incorrectPassword" time="6.039"/>
  <testcase classname="com.ponezha.guru99.login.LoginTest" name="incorrectUsername" time="6.131"/>
</testsuite> <!-- Test -->
