<?xml version="1.0" encoding="UTF-8"?>
<testng-results ignored="0" total="4" passed="4" failed="0" skipped="0">
  <reporter-output>
  </reporter-output>
  <suite started-at="2020-02-24T23:55:27 GMT" name="com.ponezha.guru99.login.LoginTest" finished-at="2020-02-24T23:56:21 GMT" duration-ms="53884">
    <groups>
    </groups>
    <test started-at="2020-02-24T23:55:27 GMT" name="Command line test" finished-at="2020-02-24T23:56:21 GMT" duration-ms="53884">
      <class name="com.ponezha.guru99.login.LoginTest">
        <test-method is-config="true" signature="setUp()[pri:0, instance:com.ponezha.guru99.login.LoginTest@401e7803]" started-at="2020-02-24T23:55:27 GMT" name="setUp" finished-at="2020-02-24T23:55:39 GMT" duration-ms="11571" status="PASS">
          <reporter-output>
          </reporter-output>
        </test-method> <!-- setUp -->
        <test-method signature="correctCredentials()[pri:0, instance:com.ponezha.guru99.login.LoginTest@401e7803]" started-at="2020-02-24T23:55:39 GMT" name="correctCredentials" finished-at="2020-02-24T23:55:46 GMT" duration-ms="7547" status="PASS">
          <reporter-output>
          </reporter-output>
        </test-method> <!-- correctCredentials -->
        <test-method is-config="true" signature="tearDown()[pri:0, instance:com.ponezha.guru99.login.LoginTest@401e7803]" started-at="2020-02-24T23:55:46 GMT" name="tearDown" finished-at="2020-02-24T23:55:46 GMT" duration-ms="168" status="PASS">
          <reporter-output>
          </reporter-output>
        </test-method> <!-- tearDown -->
        <test-method is-config="true" signature="setUp()[pri:0, instance:com.ponezha.guru99.login.LoginTest@401e7803]" started-at="2020-02-24T23:55:46 GMT" name="setUp" finished-at="2020-02-24T23:55:52 GMT" duration-ms="5804" status="PASS">
          <reporter-output>
          </reporter-output>
        </test-method> <!-- setUp -->
        <test-method signature="incorrectCredentials()[pri:0, instance:com.ponezha.guru99.login.LoginTest@401e7803]" started-at="2020-02-24T23:55:52 GMT" name="incorrectCredentials" finished-at="2020-02-24T23:55:59 GMT" duration-ms="6810" status="PASS">
          <reporter-output>
          </reporter-output>
        </test-method> <!-- incorrectCredentials -->
        <test-method is-config="true" signature="tearDown()[pri:0, instance:com.ponezha.guru99.login.LoginTest@401e7803]" started-at="2020-02-24T23:55:59 GMT" name="tearDown" finished-at="2020-02-24T23:55:59 GMT" duration-ms="215" status="PASS">
          <reporter-output>
          </reporter-output>
        </test-method> <!-- tearDown -->
        <test-method is-config="true" signature="setUp()[pri:0, instance:com.ponezha.guru99.login.LoginTest@401e7803]" started-at="2020-02-24T23:55:59 GMT" name="setUp" finished-at="2020-02-24T23:56:04 GMT" duration-ms="4525" status="PASS">
          <reporter-output>
          </reporter-output>
        </test-method> <!-- setUp -->
        <test-method signature="incorrectPassword()[pri:0, instance:com.ponezha.guru99.login.LoginTest@401e7803]" started-at="2020-02-24T23:56:04 GMT" name="incorrectPassword" finished-at="2020-02-24T23:56:10 GMT" duration-ms="6376" status="PASS">
          <reporter-output>
          </reporter-output>
        </test-method> <!-- incorrectPassword -->
        <test-method is-config="true" signature="tearDown()[pri:0, instance:com.ponezha.guru99.login.LoginTest@401e7803]" started-at="2020-02-24T23:56:10 GMT" name="tearDown" finished-at="2020-02-24T23:56:10 GMT" duration-ms="207" status="PASS">
          <reporter-output>
          </reporter-output>
        </test-method> <!-- tearDown -->
        <test-method is-config="true" signature="setUp()[pri:0, instance:com.ponezha.guru99.login.LoginTest@401e7803]" started-at="2020-02-24T23:56:10 GMT" name="setUp" finished-at="2020-02-24T23:56:14 GMT" duration-ms="4110" status="PASS">
          <reporter-output>
          </reporter-output>
        </test-method> <!-- setUp -->
        <test-method signature="incorrectUsername()[pri:0, instance:com.ponezha.guru99.login.LoginTest@401e7803]" started-at="2020-02-24T23:56:14 GMT" name="incorrectUsername" finished-at="2020-02-24T23:56:21 GMT" duration-ms="6261" status="PASS">
          <reporter-output>
          </reporter-output>
        </test-method> <!-- incorrectUsername -->
        <test-method is-config="true" signature="tearDown()[pri:0, instance:com.ponezha.guru99.login.LoginTest@401e7803]" started-at="2020-02-24T23:56:21 GMT" name="tearDown" finished-at="2020-02-24T23:56:21 GMT" duration-ms="230" status="PASS">
          <reporter-output>
          </reporter-output>
        </test-method> <!-- tearDown -->
      </class> <!-- com.ponezha.guru99.login.LoginTest -->
    </test> <!-- Command line test -->
  </suite> <!-- com.ponezha.guru99.login.LoginTest -->
</testng-results>
