<?xml version="1.0" encoding="UTF-8" ?>
<testsuite tests="4" failures="0" name="com.ponezha.guru99.login.LoginTest" time="27.959" errors="0" skipped="0">
  <properties>
[...]
</properties>
  <testcase classname="com.ponezha.guru99.login.LoginTest" name="incorrectUsername" time="9.105"/>
  <testcase classname="com.ponezha.guru99.login.LoginTest" name="correctCredentials" time="7.104"/>
  <testcase classname="com.ponezha.guru99.login.LoginTest" name="incorrectPassword" time="5.983"/>
  <testcase classname="com.ponezha.guru99.login.LoginTest" name="incorrectCredentials" time="5.767"/>
</testsuite>