<?xml version="1.0" encoding="UTF-8"?>
<testng-results ignored="0" total="1" passed="1" failed="0" skipped="0">
  <reporter-output>
  </reporter-output>
  <suite started-at="2020-02-25T21:13:20 GMT" name="Default suite" finished-at="2020-02-25T21:13:29 GMT" duration-ms="9112">
    <groups>
    </groups>
    <test started-at="2020-02-25T21:13:20 GMT" name="Default test" finished-at="2020-02-25T21:13:29 GMT" duration-ms="9112">
      <class name="com.ponezha.guru99.dashboard.DashboardTest">
        <test-method is-config="true" signature="setUp()[pri:0, instance:com.ponezha.guru99.dashboard.DashboardTest@65d6b83b]" started-at="2020-02-25T21:13:20 GMT" name="setUp" finished-at="2020-02-25T21:13:27 GMT" duration-ms="6751" status="PASS">
          <reporter-output>
          </reporter-output>
        </test-method> <!-- setUp -->
        <test-method signature="isManagerIdShown()[pri:0, instance:com.ponezha.guru99.dashboard.DashboardTest@65d6b83b]" started-at="2020-02-25T21:13:27 GMT" name="isManagerIdShown" finished-at="2020-02-25T21:13:29 GMT" duration-ms="2160" status="PASS">
          <reporter-output>
          </reporter-output>
        </test-method> <!-- isManagerIdShown -->
        <test-method is-config="true" signature="tearDown()[pri:0, instance:com.ponezha.guru99.dashboard.DashboardTest@65d6b83b]" started-at="2020-02-25T21:13:29 GMT" name="tearDown" finished-at="2020-02-25T21:13:29 GMT" duration-ms="147" status="PASS">
          <reporter-output>
          </reporter-output>
        </test-method> <!-- tearDown -->
      </class> <!-- com.ponezha.guru99.dashboard.DashboardTest -->
    </test> <!-- Default test -->
  </suite> <!-- Default suite -->
</testng-results>
