<?xml version="1.0" encoding="UTF-8"?>
<!-- Generated by org.testng.reporters.JUnitReportReporter -->
<testsuite hostname="Irinas-MacBook-Pro.local" failures="0" tests="4" name="com.ponezha.guru99.login.LoginTest" time="25.700" errors="0" timestamp="2020-02-25T11:30:57 GMT" skipped="0">
  <testcase classname="com.ponezha.guru99.login.LoginTest" name="correctCredentials" time="6.909"/>
  <system-out/>
  <testcase classname="com.ponezha.guru99.login.LoginTest" name="incorrectCredentials" time="7.819"/>
  <system-out/>
  <testcase classname="com.ponezha.guru99.login.LoginTest" name="incorrectUsername" time="5.850"/>
  <system-out/>
  <testcase classname="com.ponezha.guru99.login.LoginTest" name="incorrectPassword" time="5.122"/>
  <system-out/>
</testsuite> <!-- com.ponezha.guru99.login.LoginTest -->
