<?xml version="1.0" encoding="UTF-8"?>
<!-- Generated by org.testng.reporters.JUnitReportReporter -->
<testsuite hostname="Irinas-MacBook-Pro.local" failures="0" tests="4" name="com.ponezha.guru99.login.LoginTest" time="33.222" errors="0" timestamp="2020-02-24T23:27:52 GMT" skipped="0">
  <testcase classname="com.ponezha.guru99.login.LoginTest" name="incorrectPassword" time="13.622"/>
  <system-out/>
  <testcase classname="com.ponezha.guru99.login.LoginTest" name="correctCredentials" time="6.896"/>
  <system-out/>
  <testcase classname="com.ponezha.guru99.login.LoginTest" name="incorrectCredentials" time="6.450"/>
  <system-out/>
  <testcase classname="com.ponezha.guru99.login.LoginTest" name="incorrectUsername" time="6.254"/>
  <system-out/>
</testsuite> <!-- com.ponezha.guru99.login.LoginTest -->
