<?xml version="1.0" encoding="UTF-8"?>
<!-- Generated by org.testng.reporters.JUnitReportReporter -->
<testsuite hostname="Irinas-MacBook-Pro.local" failures="0" tests="4" name="com.ponezha.guru99.login.LoginTest" time="53.824" errors="0" timestamp="2020-02-24T23:56:21 GMT" skipped="0">
  <testcase classname="com.ponezha.guru99.login.LoginTest" name="incorrectPassword" time="12.387"/>
  <system-out/>
  <testcase classname="com.ponezha.guru99.login.LoginTest" name="correctCredentials" time="12.240"/>
  <system-out/>
  <testcase classname="com.ponezha.guru99.login.LoginTest" name="incorrectCredentials" time="18.611"/>
  <system-out/>
  <testcase classname="com.ponezha.guru99.login.LoginTest" name="incorrectUsername" time="10.586"/>
  <system-out/>
</testsuite> <!-- com.ponezha.guru99.login.LoginTest -->
